<?xml version="1.0" encoding="UTF-8"?>
<!-- Generated by org.testng.reporters.JUnitXMLReporter -->
<testsuite ignored="2" hostname="DESKTOP-QVM6J4J" failures="0" tests="5" name="RegressionTest" time="0.085" errors="0" timestamp="2024-04-11T09:26:22 IST">
  <testcase classname="com.Test.groupsconcepts" name="m1" time="0.007"/>
  <testcase classname="com.Test.groupsconcepts" name="m2" time="0.002"/>
  <testcase classname="com.Test.groupsconcepts" name="m4" time="0.0"/>
  <testcase classname="com.Test.groupsconcepts_1" name="p1" time="0.001"/>
  <testcase classname="com.Test.groupsconcepts_1" name="p3" time="0.001"/>
  <testcase classname="com.Test.groupsconcepts_1" name="p2" time="0.0">
    <ignored/>
  </testcase> <!-- p2 -->
  <testcase classname="com.Test.groupsconcepts" name="m3" time="0.0">
    <ignored/>
  </testcase> <!-- m3 -->
</testsuite> <!-- RegressionTest -->
