<?xml version="1.0" encoding="UTF-8"?>
<!-- Generated by org.testng.reporters.JUnitXMLReporter -->
<testsuite ignored="0" hostname="DESKTOP-QVM6J4J" failures="0" tests="4" name="Default test" time="0.065" errors="0" timestamp="2024-04-11T09:07:42 IST">
  <testcase classname="com.Test.groupsconcepts" name="m1" time="0.017"/>
  <testcase classname="com.Test.groupsconcepts" name="m2" time="0.002"/>
  <testcase classname="com.Test.groupsconcepts" name="m3" time="0.001"/>
  <testcase classname="com.Test.groupsconcepts" name="m4" time="0.003"/>
</testsuite> <!-- Default test -->
