<?xml version="1.0" encoding="UTF-8"?>
<!-- Generated by org.testng.reporters.JUnitXMLReporter -->
<testsuite ignored="1" hostname="DESKTOP-QVM6J4J" failures="0" tests="5" name="Default test" time="0.065" errors="0" timestamp="2024-04-08T09:17:02 IST">
  <testcase classname="com.Test.Keyword_Priority" name="abc" time="0.016"/>
  <testcase classname="com.Test.Keyword_Priority" name="abc" time="0.001"/>
  <testcase classname="com.Test.Keyword_Priority" name="rts" time="0.002"/>
  <testcase classname="com.Test.Keyword_Priority" name="ytr" time="0.001"/>
  <testcase classname="com.Test.Keyword_Priority" name="xyz" time="0.0"/>
  <testcase classname="com.Test.Keyword_Priority" name="pqr" time="0.0">
    <ignored/>
  </testcase> <!-- pqr -->
</testsuite> <!-- Default test -->
