<?xml version="1.0" encoding="UTF-8"?>
<!-- Generated by org.testng.reporters.JUnitXMLReporter -->
<testsuite ignored="5" hostname="DESKTOP-QVM6J4J" failures="0" tests="2" name="CriticalRegressionTest" time="0.059" errors="0" timestamp="2024-04-11T09:26:11 IST">
  <testcase classname="com.Test.groupsconcepts" name="m2" time="0.008"/>
  <testcase classname="com.Test.groupsconcepts_1" name="p1" time="0.001"/>
  <testcase classname="com.Test.groupsconcepts_1" name="p3" time="0.0">
    <ignored/>
  </testcase> <!-- p3 -->
  <testcase classname="com.Test.groupsconcepts" name="m4" time="0.0">
    <ignored/>
  </testcase> <!-- m4 -->
  <testcase classname="com.Test.groupsconcepts" name="m1" time="0.0">
    <ignored/>
  </testcase> <!-- m1 -->
  <testcase classname="com.Test.groupsconcepts_1" name="p2" time="0.0">
    <ignored/>
  </testcase> <!-- p2 -->
  <testcase classname="com.Test.groupsconcepts" name="m3" time="0.0">
    <ignored/>
  </testcase> <!-- m3 -->
</testsuite> <!-- CriticalRegressionTest -->
