<?xml version="1.0" encoding="UTF-8"?>
<testng-results ignored="0" total="1" passed="1" failed="0" skipped="0">
  <reporter-output>
  </reporter-output>
  <suite started-at="2024-04-04T09:26:51 IST" name="Default suite" finished-at="2024-04-04T09:26:51 IST" duration-ms="37">
    <groups>
    </groups>
    <test started-at="2024-04-04T09:26:51 IST" name="Default test" finished-at="2024-04-04T09:26:51 IST" duration-ms="37">
      <class name="com.Test.Demo_1">
        <test-method signature="verifyTest001()[pri:0, instance:com.Test.Demo_1@6f46426d]" started-at="2024-04-04T09:26:51 IST" name="verifyTest001" finished-at="2024-04-04T09:26:51 IST" duration-ms="6" status="PASS">
          <reporter-output>
          </reporter-output>
        </test-method> <!-- verifyTest001 -->
      </class> <!-- com.Test.Demo_1 -->
    </test> <!-- Default test -->
  </suite> <!-- Default suite -->
</testng-results>
