<?xml version="1.0" encoding="UTF-8"?>
<!-- Generated by org.testng.reporters.JUnitXMLReporter -->
<testsuite ignored="3" hostname="DESKTOP-QVM6J4J" failures="0" tests="7" name="MasterTest" time="0.099" errors="0" timestamp="2024-04-12T08:56:03 IST">
  <testcase classname="com.Test.groupsconcepts" name="m2" time="0.014"/>
  <testcase classname="com.Test.groupsconcepts" name="m3" time="0.002"/>
  <testcase classname="com.Test.groupsconcepts" name="m4" time="0.001"/>
  <testcase classname="com.Test.groupsconcepts_1" name="p1" time="0.001"/>
  <testcase classname="com.Test.Test_includeexclude" name="r1" time="0.001"/>
  <testcase classname="com.Test.Test_includeexclude" name="r2" time="0.001"/>
  <testcase classname="com.Test.Test_includeexclude" name="r3" time="0.003"/>
  <testcase classname="com.Test.groupsconcepts_1" name="p3" time="0.0">
    <ignored/>
  </testcase> <!-- p3 -->
  <testcase classname="com.Test.groupsconcepts" name="m1" time="0.0">
    <ignored/>
  </testcase> <!-- m1 -->
  <testcase classname="com.Test.groupsconcepts_1" name="p2" time="0.0">
    <ignored/>
  </testcase> <!-- p2 -->
</testsuite> <!-- MasterTest -->
