<?xml version="1.0" encoding="UTF-8"?>
<!-- Generated by org.testng.reporters.JUnitXMLReporter -->
<testsuite ignored="3" hostname="DESKTOP-QVM6J4J" failures="0" tests="1" name="SanityTest" time="0.035" errors="0" timestamp="2024-04-11T09:15:57 IST">
  <testcase classname="com.Test.groupsconcepts" name="m3" time="0.009"/>
  <testcase classname="com.Test.groupsconcepts" name="m2" time="0.0">
    <ignored/>
  </testcase> <!-- m2 -->
  <testcase classname="com.Test.groupsconcepts" name="m4" time="0.0">
    <ignored/>
  </testcase> <!-- m4 -->
  <testcase classname="com.Test.groupsconcepts" name="m1" time="0.0">
    <ignored/>
  </testcase> <!-- m1 -->
</testsuite> <!-- SanityTest -->
